-------------------------------------------------------------------------------
Test set: TestSuite
-------------------------------------------------------------------------------
Tests run: 1, Failures: 1, Errors: 0, Skipped: 0, Time elapsed: 71.257 s <<< FAILURE! - in TestSuite
basics.Fb.verifyTitle  Time elapsed: 0.156 s  <<< FAILURE!
java.lang.AssertionError: expected [Facebook] but found [Facebook â€“ log in or sign up]
	at basics.Fb.verifyTitle(Fb.java:30)

